Created by PLY version 3.11 (http://www.dabeaz.com/ply)

Unused terminals:

    DIFF
    IGUAL
    INCRE
    LLAVE_D
    LLAVE_I
    MAYORQ
    MENORQ
    MIENTRAS
    PARA
    SI
    SINO

Grammar

Rule 0     S' -> statement
Rule 1     statement -> VARIABLE ASIGNACION expression
Rule 2     statement -> expression
Rule 3     expression -> expression SUMA expression
Rule 4     expression -> expression RESTA expression
Rule 5     expression -> expression MULTIPLICACION expression
Rule 6     expression -> expression DIVISION expression
Rule 7     expression -> RESTA expression
Rule 8     expression -> PARENTESIS_I expression PARENTESIS_D
Rule 9     expression -> NUMERO
Rule 10    expression -> CADENA
Rule 11    expression -> VARIABLE
Rule 12    statement -> IMPRIMIR PARENTESIS_I expression PARENTESIS_D

Terminals, with rules where they appear

ASIGNACION           : 1
CADENA               : 10
DIFF                 : 
DIVISION             : 6
IGUAL                : 
IMPRIMIR             : 12
INCRE                : 
LLAVE_D              : 
LLAVE_I              : 
MAYORQ               : 
MENORQ               : 
MIENTRAS             : 
MULTIPLICACION       : 5
NUMERO               : 9
PARA                 : 
PARENTESIS_D         : 8 12
PARENTESIS_I         : 8 12
RESTA                : 4 7
SI                   : 
SINO                 : 
SUMA                 : 3
VARIABLE             : 1 11
error                : 

Nonterminals, with rules where they appear

expression           : 1 2 3 3 4 4 5 5 6 6 7 8 12
statement            : 0

Parsing method: LALR

state 0

    (0) S' -> . statement
    (1) statement -> . VARIABLE ASIGNACION expression
    (2) statement -> . expression
    (12) statement -> . IMPRIMIR PARENTESIS_I expression PARENTESIS_D
    (3) expression -> . expression SUMA expression
    (4) expression -> . expression RESTA expression
    (5) expression -> . expression MULTIPLICACION expression
    (6) expression -> . expression DIVISION expression
    (7) expression -> . RESTA expression
    (8) expression -> . PARENTESIS_I expression PARENTESIS_D
    (9) expression -> . NUMERO
    (10) expression -> . CADENA
    (11) expression -> . VARIABLE

    VARIABLE        shift and go to state 2
    IMPRIMIR        shift and go to state 4
    RESTA           shift and go to state 6
    PARENTESIS_I    shift and go to state 5
    NUMERO          shift and go to state 7
    CADENA          shift and go to state 8

    statement                      shift and go to state 1
    expression                     shift and go to state 3

state 1

    (0) S' -> statement .



state 2

    (1) statement -> VARIABLE . ASIGNACION expression
    (11) expression -> VARIABLE .

    ASIGNACION      shift and go to state 9
    SUMA            reduce using rule 11 (expression -> VARIABLE .)
    RESTA           reduce using rule 11 (expression -> VARIABLE .)
    MULTIPLICACION  reduce using rule 11 (expression -> VARIABLE .)
    DIVISION        reduce using rule 11 (expression -> VARIABLE .)
    $end            reduce using rule 11 (expression -> VARIABLE .)


state 3

    (2) statement -> expression .
    (3) expression -> expression . SUMA expression
    (4) expression -> expression . RESTA expression
    (5) expression -> expression . MULTIPLICACION expression
    (6) expression -> expression . DIVISION expression

    $end            reduce using rule 2 (statement -> expression .)
    SUMA            shift and go to state 10
    RESTA           shift and go to state 11
    MULTIPLICACION  shift and go to state 12
    DIVISION        shift and go to state 13


state 4

    (12) statement -> IMPRIMIR . PARENTESIS_I expression PARENTESIS_D

    PARENTESIS_I    shift and go to state 14


state 5

    (8) expression -> PARENTESIS_I . expression PARENTESIS_D
    (3) expression -> . expression SUMA expression
    (4) expression -> . expression RESTA expression
    (5) expression -> . expression MULTIPLICACION expression
    (6) expression -> . expression DIVISION expression
    (7) expression -> . RESTA expression
    (8) expression -> . PARENTESIS_I expression PARENTESIS_D
    (9) expression -> . NUMERO
    (10) expression -> . CADENA
    (11) expression -> . VARIABLE

    RESTA           shift and go to state 6
    PARENTESIS_I    shift and go to state 5
    NUMERO          shift and go to state 7
    CADENA          shift and go to state 8
    VARIABLE        shift and go to state 16

    expression                     shift and go to state 15

state 6

    (7) expression -> RESTA . expression
    (3) expression -> . expression SUMA expression
    (4) expression -> . expression RESTA expression
    (5) expression -> . expression MULTIPLICACION expression
    (6) expression -> . expression DIVISION expression
    (7) expression -> . RESTA expression
    (8) expression -> . PARENTESIS_I expression PARENTESIS_D
    (9) expression -> . NUMERO
    (10) expression -> . CADENA
    (11) expression -> . VARIABLE

    RESTA           shift and go to state 6
    PARENTESIS_I    shift and go to state 5
    NUMERO          shift and go to state 7
    CADENA          shift and go to state 8
    VARIABLE        shift and go to state 16

    expression                     shift and go to state 17

state 7

    (9) expression -> NUMERO .

    SUMA            reduce using rule 9 (expression -> NUMERO .)
    RESTA           reduce using rule 9 (expression -> NUMERO .)
    MULTIPLICACION  reduce using rule 9 (expression -> NUMERO .)
    DIVISION        reduce using rule 9 (expression -> NUMERO .)
    $end            reduce using rule 9 (expression -> NUMERO .)
    PARENTESIS_D    reduce using rule 9 (expression -> NUMERO .)


state 8

    (10) expression -> CADENA .

    SUMA            reduce using rule 10 (expression -> CADENA .)
    RESTA           reduce using rule 10 (expression -> CADENA .)
    MULTIPLICACION  reduce using rule 10 (expression -> CADENA .)
    DIVISION        reduce using rule 10 (expression -> CADENA .)
    $end            reduce using rule 10 (expression -> CADENA .)
    PARENTESIS_D    reduce using rule 10 (expression -> CADENA .)


state 9

    (1) statement -> VARIABLE ASIGNACION . expression
    (3) expression -> . expression SUMA expression
    (4) expression -> . expression RESTA expression
    (5) expression -> . expression MULTIPLICACION expression
    (6) expression -> . expression DIVISION expression
    (7) expression -> . RESTA expression
    (8) expression -> . PARENTESIS_I expression PARENTESIS_D
    (9) expression -> . NUMERO
    (10) expression -> . CADENA
    (11) expression -> . VARIABLE

    RESTA           shift and go to state 6
    PARENTESIS_I    shift and go to state 5
    NUMERO          shift and go to state 7
    CADENA          shift and go to state 8
    VARIABLE        shift and go to state 16

    expression                     shift and go to state 18

state 10

    (3) expression -> expression SUMA . expression
    (3) expression -> . expression SUMA expression
    (4) expression -> . expression RESTA expression
    (5) expression -> . expression MULTIPLICACION expression
    (6) expression -> . expression DIVISION expression
    (7) expression -> . RESTA expression
    (8) expression -> . PARENTESIS_I expression PARENTESIS_D
    (9) expression -> . NUMERO
    (10) expression -> . CADENA
    (11) expression -> . VARIABLE

    RESTA           shift and go to state 6
    PARENTESIS_I    shift and go to state 5
    NUMERO          shift and go to state 7
    CADENA          shift and go to state 8
    VARIABLE        shift and go to state 16

    expression                     shift and go to state 19

state 11

    (4) expression -> expression RESTA . expression
    (3) expression -> . expression SUMA expression
    (4) expression -> . expression RESTA expression
    (5) expression -> . expression MULTIPLICACION expression
    (6) expression -> . expression DIVISION expression
    (7) expression -> . RESTA expression
    (8) expression -> . PARENTESIS_I expression PARENTESIS_D
    (9) expression -> . NUMERO
    (10) expression -> . CADENA
    (11) expression -> . VARIABLE

    RESTA           shift and go to state 6
    PARENTESIS_I    shift and go to state 5
    NUMERO          shift and go to state 7
    CADENA          shift and go to state 8
    VARIABLE        shift and go to state 16

    expression                     shift and go to state 20

state 12

    (5) expression -> expression MULTIPLICACION . expression
    (3) expression -> . expression SUMA expression
    (4) expression -> . expression RESTA expression
    (5) expression -> . expression MULTIPLICACION expression
    (6) expression -> . expression DIVISION expression
    (7) expression -> . RESTA expression
    (8) expression -> . PARENTESIS_I expression PARENTESIS_D
    (9) expression -> . NUMERO
    (10) expression -> . CADENA
    (11) expression -> . VARIABLE

    RESTA           shift and go to state 6
    PARENTESIS_I    shift and go to state 5
    NUMERO          shift and go to state 7
    CADENA          shift and go to state 8
    VARIABLE        shift and go to state 16

    expression                     shift and go to state 21

state 13

    (6) expression -> expression DIVISION . expression
    (3) expression -> . expression SUMA expression
    (4) expression -> . expression RESTA expression
    (5) expression -> . expression MULTIPLICACION expression
    (6) expression -> . expression DIVISION expression
    (7) expression -> . RESTA expression
    (8) expression -> . PARENTESIS_I expression PARENTESIS_D
    (9) expression -> . NUMERO
    (10) expression -> . CADENA
    (11) expression -> . VARIABLE

    RESTA           shift and go to state 6
    PARENTESIS_I    shift and go to state 5
    NUMERO          shift and go to state 7
    CADENA          shift and go to state 8
    VARIABLE        shift and go to state 16

    expression                     shift and go to state 22

state 14

    (12) statement -> IMPRIMIR PARENTESIS_I . expression PARENTESIS_D
    (3) expression -> . expression SUMA expression
    (4) expression -> . expression RESTA expression
    (5) expression -> . expression MULTIPLICACION expression
    (6) expression -> . expression DIVISION expression
    (7) expression -> . RESTA expression
    (8) expression -> . PARENTESIS_I expression PARENTESIS_D
    (9) expression -> . NUMERO
    (10) expression -> . CADENA
    (11) expression -> . VARIABLE

    RESTA           shift and go to state 6
    PARENTESIS_I    shift and go to state 5
    NUMERO          shift and go to state 7
    CADENA          shift and go to state 8
    VARIABLE        shift and go to state 16

    expression                     shift and go to state 23

state 15

    (8) expression -> PARENTESIS_I expression . PARENTESIS_D
    (3) expression -> expression . SUMA expression
    (4) expression -> expression . RESTA expression
    (5) expression -> expression . MULTIPLICACION expression
    (6) expression -> expression . DIVISION expression

    PARENTESIS_D    shift and go to state 24
    SUMA            shift and go to state 10
    RESTA           shift and go to state 11
    MULTIPLICACION  shift and go to state 12
    DIVISION        shift and go to state 13


state 16

    (11) expression -> VARIABLE .

    PARENTESIS_D    reduce using rule 11 (expression -> VARIABLE .)
    SUMA            reduce using rule 11 (expression -> VARIABLE .)
    RESTA           reduce using rule 11 (expression -> VARIABLE .)
    MULTIPLICACION  reduce using rule 11 (expression -> VARIABLE .)
    DIVISION        reduce using rule 11 (expression -> VARIABLE .)
    $end            reduce using rule 11 (expression -> VARIABLE .)


state 17

    (7) expression -> RESTA expression .
    (3) expression -> expression . SUMA expression
    (4) expression -> expression . RESTA expression
    (5) expression -> expression . MULTIPLICACION expression
    (6) expression -> expression . DIVISION expression

    SUMA            reduce using rule 7 (expression -> RESTA expression .)
    RESTA           reduce using rule 7 (expression -> RESTA expression .)
    MULTIPLICACION  reduce using rule 7 (expression -> RESTA expression .)
    DIVISION        reduce using rule 7 (expression -> RESTA expression .)
    $end            reduce using rule 7 (expression -> RESTA expression .)
    PARENTESIS_D    reduce using rule 7 (expression -> RESTA expression .)

  ! SUMA            [ shift and go to state 10 ]
  ! RESTA           [ shift and go to state 11 ]
  ! MULTIPLICACION  [ shift and go to state 12 ]
  ! DIVISION        [ shift and go to state 13 ]


state 18

    (1) statement -> VARIABLE ASIGNACION expression .
    (3) expression -> expression . SUMA expression
    (4) expression -> expression . RESTA expression
    (5) expression -> expression . MULTIPLICACION expression
    (6) expression -> expression . DIVISION expression

    $end            reduce using rule 1 (statement -> VARIABLE ASIGNACION expression .)
    SUMA            shift and go to state 10
    RESTA           shift and go to state 11
    MULTIPLICACION  shift and go to state 12
    DIVISION        shift and go to state 13


state 19

    (3) expression -> expression SUMA expression .
    (3) expression -> expression . SUMA expression
    (4) expression -> expression . RESTA expression
    (5) expression -> expression . MULTIPLICACION expression
    (6) expression -> expression . DIVISION expression

    SUMA            reduce using rule 3 (expression -> expression SUMA expression .)
    RESTA           reduce using rule 3 (expression -> expression SUMA expression .)
    $end            reduce using rule 3 (expression -> expression SUMA expression .)
    PARENTESIS_D    reduce using rule 3 (expression -> expression SUMA expression .)
    MULTIPLICACION  shift and go to state 12
    DIVISION        shift and go to state 13

  ! MULTIPLICACION  [ reduce using rule 3 (expression -> expression SUMA expression .) ]
  ! DIVISION        [ reduce using rule 3 (expression -> expression SUMA expression .) ]
  ! SUMA            [ shift and go to state 10 ]
  ! RESTA           [ shift and go to state 11 ]


state 20

    (4) expression -> expression RESTA expression .
    (3) expression -> expression . SUMA expression
    (4) expression -> expression . RESTA expression
    (5) expression -> expression . MULTIPLICACION expression
    (6) expression -> expression . DIVISION expression

    SUMA            reduce using rule 4 (expression -> expression RESTA expression .)
    RESTA           reduce using rule 4 (expression -> expression RESTA expression .)
    $end            reduce using rule 4 (expression -> expression RESTA expression .)
    PARENTESIS_D    reduce using rule 4 (expression -> expression RESTA expression .)
    MULTIPLICACION  shift and go to state 12
    DIVISION        shift and go to state 13

  ! MULTIPLICACION  [ reduce using rule 4 (expression -> expression RESTA expression .) ]
  ! DIVISION        [ reduce using rule 4 (expression -> expression RESTA expression .) ]
  ! SUMA            [ shift and go to state 10 ]
  ! RESTA           [ shift and go to state 11 ]


state 21

    (5) expression -> expression MULTIPLICACION expression .
    (3) expression -> expression . SUMA expression
    (4) expression -> expression . RESTA expression
    (5) expression -> expression . MULTIPLICACION expression
    (6) expression -> expression . DIVISION expression

    SUMA            reduce using rule 5 (expression -> expression MULTIPLICACION expression .)
    RESTA           reduce using rule 5 (expression -> expression MULTIPLICACION expression .)
    MULTIPLICACION  reduce using rule 5 (expression -> expression MULTIPLICACION expression .)
    DIVISION        reduce using rule 5 (expression -> expression MULTIPLICACION expression .)
    $end            reduce using rule 5 (expression -> expression MULTIPLICACION expression .)
    PARENTESIS_D    reduce using rule 5 (expression -> expression MULTIPLICACION expression .)

  ! SUMA            [ shift and go to state 10 ]
  ! RESTA           [ shift and go to state 11 ]
  ! MULTIPLICACION  [ shift and go to state 12 ]
  ! DIVISION        [ shift and go to state 13 ]


state 22

    (6) expression -> expression DIVISION expression .
    (3) expression -> expression . SUMA expression
    (4) expression -> expression . RESTA expression
    (5) expression -> expression . MULTIPLICACION expression
    (6) expression -> expression . DIVISION expression

    SUMA            reduce using rule 6 (expression -> expression DIVISION expression .)
    RESTA           reduce using rule 6 (expression -> expression DIVISION expression .)
    MULTIPLICACION  reduce using rule 6 (expression -> expression DIVISION expression .)
    DIVISION        reduce using rule 6 (expression -> expression DIVISION expression .)
    $end            reduce using rule 6 (expression -> expression DIVISION expression .)
    PARENTESIS_D    reduce using rule 6 (expression -> expression DIVISION expression .)

  ! SUMA            [ shift and go to state 10 ]
  ! RESTA           [ shift and go to state 11 ]
  ! MULTIPLICACION  [ shift and go to state 12 ]
  ! DIVISION        [ shift and go to state 13 ]


state 23

    (12) statement -> IMPRIMIR PARENTESIS_I expression . PARENTESIS_D
    (3) expression -> expression . SUMA expression
    (4) expression -> expression . RESTA expression
    (5) expression -> expression . MULTIPLICACION expression
    (6) expression -> expression . DIVISION expression

    PARENTESIS_D    shift and go to state 25
    SUMA            shift and go to state 10
    RESTA           shift and go to state 11
    MULTIPLICACION  shift and go to state 12
    DIVISION        shift and go to state 13


state 24

    (8) expression -> PARENTESIS_I expression PARENTESIS_D .

    SUMA            reduce using rule 8 (expression -> PARENTESIS_I expression PARENTESIS_D .)
    RESTA           reduce using rule 8 (expression -> PARENTESIS_I expression PARENTESIS_D .)
    MULTIPLICACION  reduce using rule 8 (expression -> PARENTESIS_I expression PARENTESIS_D .)
    DIVISION        reduce using rule 8 (expression -> PARENTESIS_I expression PARENTESIS_D .)
    $end            reduce using rule 8 (expression -> PARENTESIS_I expression PARENTESIS_D .)
    PARENTESIS_D    reduce using rule 8 (expression -> PARENTESIS_I expression PARENTESIS_D .)


state 25

    (12) statement -> IMPRIMIR PARENTESIS_I expression PARENTESIS_D .

    $end            reduce using rule 12 (statement -> IMPRIMIR PARENTESIS_I expression PARENTESIS_D .)

